<?xml version="1.0" encoding="UTF-8"?>
<testsuite name="com.paidclinic.ApplicationTests" tests="1" skipped="0" failures="0" errors="0" timestamp="2024-05-13T22:43:44" hostname="LAPTOP-7G32VQ7S" time="0.378">
  <properties/>
  <testcase name="contextLoads()" classname="com.paidclinic.ApplicationTests" time="0.378"/>
  <system-out><![CDATA[01:43:33.494 [Test worker] INFO org.springframework.test.context.support.AnnotationConfigContextLoaderUtils -- Could not detect default configuration classes for test class [com.paidclinic.ApplicationTests]: ApplicationTests does not declare any static, non-private, non-final, nested classes annotated with @Configuration.
01:43:33.577 [Test worker] INFO org.springframework.boot.test.context.SpringBootTestContextBootstrapper -- Found @SpringBootConfiguration com.paidclinic.Application for test class com.paidclinic.ApplicationTests

  .   ____          _            __ _ _
 /\\ / ___'_ __ _ _(_)_ __  __ _ \ \ \ \
( ( )\___ | '_ | '_| | '_ \/ _` | \ \ \ \
 \\/  ___)| |_)| | | | | || (_| |  ) ) ) )
  '  |____| .__|_| |_|_| |_\__, | / / / /
 =========|_|==============|___/=/_/_/_/
 :: Spring Boot ::                (v3.2.4)

2024-05-14T01:43:33.869+03:00  INFO 17624 --- [PaidClinic] [    Test worker] com.paidclinic.ApplicationTests          : Starting ApplicationTests using Java 21.0.3 with PID 17624 (started by Magicbook in D:\paidclinic)
2024-05-14T01:43:33.870+03:00  INFO 17624 --- [PaidClinic] [    Test worker] com.paidclinic.ApplicationTests          : No active profile set, falling back to 1 default profile: "default"
2024-05-14T01:43:34.240+03:00  INFO 17624 --- [PaidClinic] [    Test worker] .s.d.r.c.RepositoryConfigurationDelegate : Bootstrapping Spring Data JPA repositories in DEFAULT mode.
2024-05-14T01:43:34.279+03:00  INFO 17624 --- [PaidClinic] [    Test worker] .s.d.r.c.RepositoryConfigurationDelegate : Finished Spring Data repository scanning in 34 ms. Found 4 JPA repository interfaces.
2024-05-14T01:43:34.797+03:00  INFO 17624 --- [PaidClinic] [    Test worker] com.zaxxer.hikari.HikariDataSource       : HikariPool-1 - Starting...
2024-05-14T01:43:36.918+03:00  INFO 17624 --- [PaidClinic] [    Test worker] com.zaxxer.hikari.pool.HikariPool        : HikariPool-1 - Added connection org.postgresql.jdbc.PgConnection@1e56bc9b
2024-05-14T01:43:36.919+03:00  INFO 17624 --- [PaidClinic] [    Test worker] com.zaxxer.hikari.HikariDataSource       : HikariPool-1 - Start completed.
2024-05-14T01:43:36.956+03:00  INFO 17624 --- [PaidClinic] [    Test worker] o.hibernate.jpa.internal.util.LogHelper  : HHH000204: Processing PersistenceUnitInfo [name: default]
2024-05-14T01:43:37.000+03:00  INFO 17624 --- [PaidClinic] [    Test worker] org.hibernate.Version                    : HHH000412: Hibernate ORM core version 6.4.4.Final
2024-05-14T01:43:37.028+03:00  INFO 17624 --- [PaidClinic] [    Test worker] o.h.c.internal.RegionFactoryInitiator    : HHH000026: Second-level cache disabled
2024-05-14T01:43:37.207+03:00  INFO 17624 --- [PaidClinic] [    Test worker] o.s.o.j.p.SpringPersistenceUnitInfo      : No LoadTimeWeaver setup: ignoring JPA class transformer
2024-05-14T01:43:38.654+03:00  INFO 17624 --- [PaidClinic] [    Test worker] o.h.e.t.j.p.i.JtaPlatformInitiator       : HHH000489: No JTA platform available (set 'hibernate.transaction.jta.platform' to enable JTA platform integration)
2024-05-14T01:43:43.206+03:00  INFO 17624 --- [PaidClinic] [    Test worker] j.LocalContainerEntityManagerFactoryBean : Initialized JPA EntityManagerFactory for persistence unit 'default'
2024-05-14T01:43:43.604+03:00  WARN 17624 --- [PaidClinic] [    Test worker] JpaBaseConfiguration$JpaWebConfiguration : spring.jpa.open-in-view is enabled by default. Therefore, database queries may be performed during view rendering. Explicitly configure spring.jpa.open-in-view to disable this warning
2024-05-14T01:43:43.881+03:00  INFO 17624 --- [PaidClinic] [    Test worker] o.s.s.web.DefaultSecurityFilterChain     : Will secure any request with [org.springframework.security.web.session.DisableEncodeUrlFilter@525c0f74, org.springframework.security.web.context.request.async.WebAsyncManagerIntegrationFilter@3da12ba4, org.springframework.security.web.context.SecurityContextHolderFilter@32f8a37b, org.springframework.security.web.header.HeaderWriterFilter@b97f195, org.springframework.security.web.authentication.logout.LogoutFilter@6a087c72, org.springframework.security.web.authentication.UsernamePasswordAuthenticationFilter@98a0842, org.springframework.security.web.savedrequest.RequestCacheAwareFilter@1b4ade78, org.springframework.security.web.servletapi.SecurityContextHolderAwareRequestFilter@45fa7fb7, org.springframework.security.web.authentication.AnonymousAuthenticationFilter@64b0ec4a, org.springframework.security.web.access.ExceptionTranslationFilter@2e76ade9, org.springframework.security.web.access.intercept.AuthorizationFilter@77331437]
2024-05-14T01:43:44.147+03:00  INFO 17624 --- [PaidClinic] [    Test worker] com.paidclinic.ApplicationTests          : Started ApplicationTests in 10.449 seconds (process running for 11.412)
Hibernate: select p1_0.id,p1_0.category,p1_0.cost,p1_0.title from products p1_0
]]></system-out>
  <system-err><![CDATA[WARNING: A Java agent has been loaded dynamically (D:\4sem\kursach\paidClinic\.gradle\caches\modules-2\files-2.1\net.bytebuddy\byte-buddy-agent\1.14.12\be4984cb6fd1ef1d11f218a648889dfda44b8a15\byte-buddy-agent-1.14.12.jar)
WARNING: If a serviceability tool is in use, please run with -XX:+EnableDynamicAgentLoading to hide this warning
WARNING: If a serviceability tool is not in use, please run with -Djdk.instrument.traceUsage for more information
WARNING: Dynamic loading of agents will be disallowed by default in a future release
]]></system-err>
</testsuite>
